[debug] [2021-09-15T05:42:01.413Z] ----------------------------------------------------------------------
[debug] [2021-09-15T05:42:01.416Z] Command:       C:\Program Files\nodejs\node.exe C:\Users\majot\AppData\Roaming\npm\node_modules\firebase-tools\lib\bin\firebase.js init
[debug] [2021-09-15T05:42:01.416Z] CLI Version:   9.18.0
[debug] [2021-09-15T05:42:01.416Z] Platform:      win32
[debug] [2021-09-15T05:42:01.416Z] Node Version:  v16.6.1
[debug] [2021-09-15T05:42:01.417Z] Time:          Wed Sep 15 2021 11:42:01 GMT+0600 (Bangladesh Standard Time)
[debug] [2021-09-15T05:42:01.417Z] ----------------------------------------------------------------------
[debug] 
[debug] [2021-09-15T05:42:01.419Z] >>> [apiv2][query] GET https://firebase-public.firebaseio.com/cli.json [none]
[debug] [2021-09-15T05:42:01.442Z] > command requires scopes: ["email","openid","https://www.googleapis.com/auth/cloudplatformprojects.readonly","https://www.googleapis.com/auth/firebase","https://www.googleapis.com/auth/cloud-platform"]
[debug] [2021-09-15T05:42:01.443Z] > authorizing via signed-in user (majoti420@gmail.com)
[info] 
     ######## #### ########  ######## ########     ###     ######  ########
     ##        ##  ##     ## ##       ##     ##  ##   ##  ##       ##
     ######    ##  ########  ######   ########  #########  ######  ######
     ##        ##  ##    ##  ##       ##     ## ##     ##       ## ##
     ##       #### ##     ## ######## ########  ##     ##  ######  ########

You're about to initialize a Firebase project in this directory:

  C:\Projects\news-portal-website\news-portal-client

Before we get started, keep in mind:

  * You are currently outside your home directory

[debug] [2021-09-15T05:42:02.504Z] <<< [apiv2][status] GET https://firebase-public.firebaseio.com/cli.json 200
[debug] [2021-09-15T05:42:02.505Z] <<< [apiv2][body] GET https://firebase-public.firebaseio.com/cli.json {"cloudBuildErrorAfter":1594252800000,"cloudBuildWarnAfter":1590019200000,"defaultNode10After":1594252800000,"minVersion":"3.0.5","node8DeploysDisabledAfter":1613390400000,"node8RuntimeDisabledAfter":1615809600000,"node8WarnAfter":1600128000000}
